<?xml version="1.0" encoding="UTF-8"?>
<testng-results skipped="0" failed="0" total="2" passed="2">
  <reporter-output>
  </reporter-output>
  <suite name="sweety" duration-ms="92069" started-at="2017-10-25T14:18:02Z" finished-at="2017-10-25T14:19:34Z">
    <groups>
    </groups>
    <test name="Logingandreport" duration-ms="92069" started-at="2017-10-25T14:18:02Z" finished-at="2017-10-25T14:19:34Z">
      <class name="TestCases.Testcase2">
        <test-method status="PASS" signature="setup()[pri:0, instance:TestCases.Testcase2@59fa1d9b]" name="setup" is-config="true" duration-ms="2648" started-at="2017-10-25T19:49:29Z" finished-at="2017-10-25T19:49:32Z">
          <reporter-output>
          </reporter-output>
        </test-method> <!-- setup -->
        <test-method status="PASS" signature="login()[pri:0, instance:TestCases.Testcase2@59fa1d9b]" name="login" duration-ms="2080" started-at="2017-10-25T19:49:32Z" finished-at="2017-10-25T19:49:34Z">
          <reporter-output>
          </reporter-output>
        </test-method> <!-- login -->
        <test-method status="PASS" signature="closeB()[pri:0, instance:TestCases.Testcase2@59fa1d9b]" name="closeB" is-config="true" duration-ms="80" started-at="2017-10-25T19:49:34Z" finished-at="2017-10-25T19:49:34Z">
          <reporter-output>
          </reporter-output>
        </test-method> <!-- closeB -->
      </class> <!-- TestCases.Testcase2 -->
      <class name="TestCases.Testcase1">
        <test-method status="PASS" signature="setup()[pri:0, instance:TestCases.Testcase1@cc285f4]" name="setup" is-config="true" duration-ms="8684" started-at="2017-10-25T19:48:02Z" finished-at="2017-10-25T19:48:11Z">
          <reporter-output>
          </reporter-output>
        </test-method> <!-- setup -->
        <test-method status="PASS" signature="testHomePAge()[pri:0, instance:TestCases.Testcase1@cc285f4]" name="testHomePAge" duration-ms="78106" started-at="2017-10-25T19:48:11Z" finished-at="2017-10-25T19:49:29Z">
          <reporter-output>
          </reporter-output>
        </test-method> <!-- testHomePAge -->
        <test-method status="PASS" signature="closeB()[pri:0, instance:TestCases.Testcase1@cc285f4]" name="closeB" is-config="true" duration-ms="452" started-at="2017-10-25T19:49:29Z" finished-at="2017-10-25T19:49:29Z">
          <reporter-output>
          </reporter-output>
        </test-method> <!-- closeB -->
      </class> <!-- TestCases.Testcase1 -->
    </test> <!-- Logingandreport -->
  </suite> <!-- sweety -->
</testng-results>
